-------------------------------------------------------------------------------
Test set: com.example.demo1.UserControllerTests
-------------------------------------------------------------------------------
Tests run: 1, Failures: 0, Errors: 1, Skipped: 0, Time elapsed: 26.235 s <<< FAILURE! - in com.example.demo1.UserControllerTests
addUser  Time elapsed: 2.642 s  <<< ERROR!
org.springframework.web.util.NestedServletException: Request processing failed; nested exception is org.springframework.http.converter.HttpMessageConversionException: Type definition error: [simple type, class org.springframework.validation.DefaultMessageCodesResolver]; nested exception is com.fasterxml.jackson.databind.exc.InvalidDefinitionException: No serializer found for class org.springframework.validation.DefaultMessageCodesResolver and no properties discovered to create BeanSerializer (to avoid exception, disable SerializationFeature.FAIL_ON_EMPTY_BEANS) (through reference chain: org.springframework.validation.BeanPropertyBindingResult["messageCodesResolver"])
	at com.example.demo1.UserControllerTests.addUser(UserControllerTests.java:32)
Caused by: org.springframework.http.converter.HttpMessageConversionException: Type definition error: [simple type, class org.springframework.validation.DefaultMessageCodesResolver]; nested exception is com.fasterxml.jackson.databind.exc.InvalidDefinitionException: No serializer found for class org.springframework.validation.DefaultMessageCodesResolver and no properties discovered to create BeanSerializer (to avoid exception, disable SerializationFeature.FAIL_ON_EMPTY_BEANS) (through reference chain: org.springframework.validation.BeanPropertyBindingResult["messageCodesResolver"])
	at com.example.demo1.UserControllerTests.addUser(UserControllerTests.java:32)
Caused by: com.fasterxml.jackson.databind.exc.InvalidDefinitionException: No serializer found for class org.springframework.validation.DefaultMessageCodesResolver and no properties discovered to create BeanSerializer (to avoid exception, disable SerializationFeature.FAIL_ON_EMPTY_BEANS) (through reference chain: org.springframework.validation.BeanPropertyBindingResult["messageCodesResolver"])
	at com.example.demo1.UserControllerTests.addUser(UserControllerTests.java:32)

